<?xml version="1.0" encoding="UTF-8"?>
<!-- Generated by org.testng.reporters.JUnitReportReporter -->
<testsuite skipped="0" hostname="Aswathys-MacBook-Pro.local" name="com.xcart.testcases.ProductPageTest" tests="1" failures="0" timestamp="29 Apr 2022 18:27:59 GMT" time="30.290" errors="0">
  <testcase name="testProductPage" time="30.290" classname="com.xcart.testcases.ProductPageTest"/>
</testsuite> <!-- com.xcart.testcases.ProductPageTest -->
