<?xml version="1.0" encoding="UTF-8"?>
<!-- Generated by org.testng.reporters.JUnitReportReporter -->
<testsuite skipped="0" hostname="Aswathys-MacBook-Pro.local" name="com.xcart.testcases.HomePageTest" tests="1" failures="0" timestamp="28 Apr 2022 06:07:01 GMT" time="0.914" errors="0">
  <testcase name="testHomePage" time="0.914" classname="com.xcart.testcases.HomePageTest"/>
</testsuite> <!-- com.xcart.testcases.HomePageTest -->
