<?xml version="1.0" encoding="UTF-8"?>
<!-- Generated by org.testng.reporters.JUnitReportReporter -->
<testsuite skipped="0" hostname="Aswathys-MacBook-Pro.local" name="com.xcart.testcases.HomePageTest" tests="1" failures="0" timestamp="28 Apr 2022 15:40:41 GMT" time="1.236" errors="0">
  <testcase name="testHomePage" time="1.236" classname="com.xcart.testcases.HomePageTest"/>
</testsuite> <!-- com.xcart.testcases.HomePageTest -->
