<?xml version="1.0" encoding="UTF-8"?>
<!-- Generated by org.testng.reporters.JUnitReportReporter -->
<testsuite skipped="0" hostname="Aswathys-MacBook-Pro.local" name="com.xcart.testcases.HomePageTest" tests="1" failures="0" timestamp="29 Apr 2022 18:56:26 GMT" time="0.951" errors="0">
  <testcase name="testHomePage" time="0.951" classname="com.xcart.testcases.HomePageTest"/>
</testsuite> <!-- com.xcart.testcases.HomePageTest -->
