<?xml version="1.0" encoding="UTF-8"?>
<!-- Generated by org.testng.reporters.JUnitReportReporter -->
<testsuite skipped="0" hostname="Aswathys-MacBook-Pro.local" name="com.xcart.testcases.ProductPageTest" tests="1" failures="0" timestamp="29 Apr 2022 18:56:26 GMT" time="28.591" errors="0">
  <testcase name="testProductPage" time="28.591" classname="com.xcart.testcases.ProductPageTest"/>
</testsuite> <!-- com.xcart.testcases.ProductPageTest -->
